This is pdfTeX, Version 3.14159265-2.6-1.40.19 (TeX Live 2018) (preloaded format=pdflatex 2018.9.17)  12 OCT 2018 15:09
entering extended mode
 restricted \write18 enabled.
 %&-line parsing enabled.
**Informe.tex
(./Informe.tex
LaTeX2e <2018-04-01> patch level 2
Babel <3.18> and hyphenation patterns for 84 language(s) loaded.
(/usr/local/texlive/2018/texmf-dist/tex/latex/base/article.cls
Document Class: article 2014/09/29 v1.4h Standard LaTeX document class
(/usr/local/texlive/2018/texmf-dist/tex/latex/base/size10.clo
File: size10.clo 2014/09/29 v1.4h Standard LaTeX file (size option)
)
\c@part=\count80
\c@section=\count81
\c@subsection=\count82
\c@subsubsection=\count83
\c@paragraph=\count84
\c@subparagraph=\count85
\c@figure=\count86
\c@table=\count87
\abovecaptionskip=\skip41
\belowcaptionskip=\skip42
\bibindent=\dimen102
) (./caratula.sty
Package: caratula 2013/08/04 v0.5 Para componer caratulas de TPs del DC
(/usr/local/texlive/2018/texmf-dist/tex/latex/base/ifthen.sty
Package: ifthen 2014/09/29 v1.1c Standard LaTeX ifthen package (DPC)
)
(/usr/local/texlive/2018/texmf-dist/tex/latex/graphics/graphicx.sty
Package: graphicx 2017/06/01 v1.1a Enhanced LaTeX Graphics (DPC,SPQR)

(/usr/local/texlive/2018/texmf-dist/tex/latex/graphics/keyval.sty
Package: keyval 2014/10/28 v1.15 key=value parser (DPC)
\KV@toks@=\toks14
)
(/usr/local/texlive/2018/texmf-dist/tex/latex/graphics/graphics.sty
Package: graphics 2017/06/25 v1.2c Standard LaTeX Graphics (DPC,SPQR)

(/usr/local/texlive/2018/texmf-dist/tex/latex/graphics/trig.sty
Package: trig 2016/01/03 v1.10 sin cos tan (DPC)
)
(/usr/local/texlive/2018/texmf-dist/tex/latex/graphics-cfg/graphics.cfg
File: graphics.cfg 2016/06/04 v1.11 sample graphics configuration
)
Package graphics Info: Driver file: pdftex.def on input line 99.

(/usr/local/texlive/2018/texmf-dist/tex/latex/graphics-def/pdftex.def
File: pdftex.def 2018/01/08 v1.0l Graphics/color driver for pdftex
))
\Gin@req@height=\dimen103
\Gin@req@width=\dimen104
)
Cargando package 'caratula' v0.5 (2013/08/04)
\intlist=\toks15
\intlistSinLU=\toks16
\c@integrantesCount=\count88
\intTabNombre=\toks17
\intTabLU=\toks18
\intTabEmail=\toks19
\c@directoresCount=\count89
\direcTabNombre=\toks20
\direcTabEmail=\toks21
\c@coDirectoresCount=\count90
\codirecTabNombre=\toks22
\codirecTabEmail=\toks23
) (/usr/local/texlive/2018/texmf-dist/tex/latex/base/inputenc.sty
Package: inputenc 2018/04/06 v1.3b Input encoding file
\inpenc@prehook=\toks24
\inpenc@posthook=\toks25
)
(/usr/local/texlive/2018/texmf-dist/tex/latex/base/fontenc.sty
Package: fontenc 2017/04/05 v2.0i Standard LaTeX package

(/usr/local/texlive/2018/texmf-dist/tex/latex/base/t1enc.def
File: t1enc.def 2017/04/05 v2.0i Standard LaTeX file
LaTeX Font Info:    Redeclaring font encoding T1 on input line 48.
))
(/usr/local/texlive/2018/texmf-dist/tex/generic/babel/babel.sty
Package: babel 2018/02/14 3.18 The Babel package

(/usr/local/texlive/2018/texmf-dist/tex/generic/babel/switch.def
File: switch.def 2018/02/14 3.18 Babel switching mechanism
)
(/usr/local/texlive/2018/texmf-dist/tex/generic/babel-spanish/spanish.ldf
Language: spanish.ldf 2016/03/03 v5.0p Spanish support from the babel system

(/usr/local/texlive/2018/texmf-dist/tex/generic/babel/babel.def
File: babel.def 2018/02/14 3.18 Babel common definitions
\babel@savecnt=\count91
\U@D=\dimen105

(/usr/local/texlive/2018/texmf-dist/tex/generic/babel/txtbabel.def)
\bbl@dirlevel=\count92
)
\es@quottoks=\toks26
\es@quotdepth=\count93
Package babel Info: Making " an active character on input line 561.
Package babel Info: Making . an active character on input line 662.
Package babel Info: Making < an active character on input line 707.
Package babel Info: Making > an active character on input line 707.
))
(/usr/local/texlive/2018/texmf-dist/tex/latex/amsmath/amsmath.sty
Package: amsmath 2017/09/02 v2.17a AMS math features
\@mathmargin=\skip43

For additional information on amsmath, use the `?' option.
(/usr/local/texlive/2018/texmf-dist/tex/latex/amsmath/amstext.sty
Package: amstext 2000/06/29 v2.01 AMS text

(/usr/local/texlive/2018/texmf-dist/tex/latex/amsmath/amsgen.sty
File: amsgen.sty 1999/11/30 v2.0 generic functions
\@emptytoks=\toks27
\ex@=\dimen106
))
(/usr/local/texlive/2018/texmf-dist/tex/latex/amsmath/amsbsy.sty
Package: amsbsy 1999/11/29 v1.2d Bold Symbols
\pmbraise@=\dimen107
)
(/usr/local/texlive/2018/texmf-dist/tex/latex/amsmath/amsopn.sty
Package: amsopn 2016/03/08 v2.02 operator names
)
\inf@bad=\count94
LaTeX Info: Redefining \frac on input line 213.
\uproot@=\count95
\leftroot@=\count96
LaTeX Info: Redefining \overline on input line 375.
\classnum@=\count97
\DOTSCASE@=\count98
LaTeX Info: Redefining \ldots on input line 472.
LaTeX Info: Redefining \dots on input line 475.
LaTeX Info: Redefining \cdots on input line 596.
\Mathstrutbox@=\box26
\strutbox@=\box27
\big@size=\dimen108
LaTeX Font Info:    Redeclaring font encoding OML on input line 712.
LaTeX Font Info:    Redeclaring font encoding OMS on input line 713.
\macc@depth=\count99
\c@MaxMatrixCols=\count100
\dotsspace@=\muskip10
\c@parentequation=\count101
\dspbrk@lvl=\count102
\tag@help=\toks28
\row@=\count103
\column@=\count104
\maxfields@=\count105
\andhelp@=\toks29
\eqnshift@=\dimen109
\alignsep@=\dimen110
\tagshift@=\dimen111
\tagwidth@=\dimen112
\totwidth@=\dimen113
\lineht@=\dimen114
\@envbody=\toks30
\multlinegap=\skip44
\multlinetaggap=\skip45
\mathdisplay@stack=\toks31
LaTeX Info: Redefining \[ on input line 2817.
LaTeX Info: Redefining \] on input line 2818.
)
(/usr/local/texlive/2018/texmf-dist/tex/latex/mathtools/mathtools.sty
Package: mathtools 2018/01/08 v1.21 mathematical typesetting tools

(/usr/local/texlive/2018/texmf-dist/tex/latex/tools/calc.sty
Package: calc 2017/05/25 v4.3 Infix arithmetic (KKT,FJ)
\calc@Acount=\count106
\calc@Bcount=\count107
\calc@Adimen=\dimen115
\calc@Bdimen=\dimen116
\calc@Askip=\skip46
\calc@Bskip=\skip47
LaTeX Info: Redefining \setlength on input line 80.
LaTeX Info: Redefining \addtolength on input line 81.
\calc@Ccount=\count108
\calc@Cskip=\skip48
)
(/usr/local/texlive/2018/texmf-dist/tex/latex/mathtools/mhsetup.sty
Package: mhsetup 2017/03/31 v1.3 programming setup (MH)
)
LaTeX Info: Thecontrolsequence`\('isalreadyrobust on input line 129.
LaTeX Info: Thecontrolsequence`\)'isalreadyrobust on input line 129.
LaTeX Info: Thecontrolsequence`\['isalreadyrobust on input line 129.
LaTeX Info: Thecontrolsequence`\]'isalreadyrobust on input line 129.
\g_MT_multlinerow_int=\count109
\l_MT_multwidth_dim=\dimen117
\origjot=\skip49
\l_MT_shortvdotswithinadjustabove_dim=\dimen118
\l_MT_shortvdotswithinadjustbelow_dim=\dimen119
\l_MT_above_intertext_sep=\dimen120
\l_MT_below_intertext_sep=\dimen121
\l_MT_above_shortintertext_sep=\dimen122
\l_MT_below_shortintertext_sep=\dimen123
)
(/usr/local/texlive/2018/texmf-dist/tex/latex/csquotes/csquotes.sty
Package: csquotes 2018/02/11 v5.2c context-sensitive quotations (JAW)

(/usr/local/texlive/2018/texmf-dist/tex/latex/etoolbox/etoolbox.sty
Package: etoolbox 2018/02/11 v2.5e e-TeX tools for LaTeX (JAW)
\etb@tempcnta=\count110
)
\csq@reset=\count111
\csq@gtype=\count112
\csq@glevel=\count113
\csq@qlevel=\count114
\csq@maxlvl=\count115
\csq@tshold=\count116
\csq@ltx@everypar=\toks32

(/usr/local/texlive/2018/texmf-dist/tex/latex/csquotes/csquotes.def
File: csquotes.def 2018/02/11 v5.2c csquotes generic definitions (JAW)
)
Package csquotes Info: Trying to load configuration file 'csquotes.cfg'...
Package csquotes Info: ... configuration file loaded successfully.

(/usr/local/texlive/2018/texmf-dist/tex/latex/csquotes/csquotes.cfg
File: csquotes.cfg 
))
(/usr/local/texlive/2018/texmf-dist/tex/latex/IEEEtran/IEEEtrantools.sty
Package: IEEEtrantools 2015/08/26 V1.5 by Michael Shell

-- See the "IEEEtrantools_doc.txt" manual for usage information.
-- http://www.michaelshell.org/tex/ieeetran/tools/
\@IEEEtrantmpdimenA=\dimen124
\@IEEEtrantmpdimenB=\dimen125
\@IEEEtrantmpdimenC=\dimen126
\@IEEEtrantmpcountA=\count117
\@IEEEtrantmpcountB=\count118
\@IEEEtrantmpcountC=\count119
\@IEEEtrantmptoksA=\toks33
\IEEEnormaljot=\dimen127
\IEEEquantizedlength=\dimen128
\IEEEquantizedlengthdiff=\dimen129
\IEEEquantizedtextheightdiff=\dimen130
\IEEEilabelindentA=\dimen131
\IEEEilabelindentB=\dimen132
\IEEEilabelindent=\dimen133
\IEEEelabelindent=\dimen134
\IEEEdlabelindent=\dimen135
\IEEElabelindent=\dimen136
\IEEEiednormlabelsep=\dimen137
\IEEEiedmathlabelsep=\dimen138
\IEEEiedtopsep=\skip50
\c@IEEEsubequation=\count120
\@IEEEeqnnumcols=\count121
\@IEEEeqncolcnt=\count122
\@IEEEsubeqnnumrollback=\count123
\IEEEPARstartletwidth=\dimen139
) (/usr/local/texlive/2018/texmf-dist/tex/latex/amsfonts/amssymb.sty
Package: amssymb 2013/01/14 v3.01 AMS font symbols

(/usr/local/texlive/2018/texmf-dist/tex/latex/amsfonts/amsfonts.sty
Package: amsfonts 2013/01/14 v3.01 Basic AMSFonts support
\symAMSa=\mathgroup4
\symAMSb=\mathgroup5
LaTeX Font Info:    Overwriting math alphabet `\mathfrak' in version `bold'
(Font)                  U/euf/m/n --> U/euf/b/n on input line 106.
))
(/usr/local/texlive/2018/texmf-dist/tex/latex/fancyhdr/fancyhdr.sty
Package: fancyhdr 2017/06/30 v3.9a Extensive control of page headers and footer
s
\f@nch@headwidth=\skip51
\f@nch@O@elh=\skip52
\f@nch@O@erh=\skip53
\f@nch@O@olh=\skip54
\f@nch@O@orh=\skip55
\f@nch@O@elf=\skip56
\f@nch@O@erf=\skip57
\f@nch@O@olf=\skip58
\f@nch@O@orf=\skip59
)
(/usr/local/texlive/2018/texmf-dist/tex/latex/pdfpages/pdfpages.sty
Package: pdfpages 2017/10/31 v0.5l Insert pages of external PDF documents (AM)

(/usr/local/texlive/2018/texmf-dist/tex/latex/eso-pic/eso-pic.sty
Package: eso-pic 2015/07/21 v2.0g eso-pic (RN)

(/usr/local/texlive/2018/texmf-dist/tex/generic/oberdiek/atbegshi.sty
Package: atbegshi 2016/06/09 v1.18 At begin shipout hook (HO)

(/usr/local/texlive/2018/texmf-dist/tex/generic/oberdiek/infwarerr.sty
Package: infwarerr 2016/05/16 v1.4 Providing info/warning/error messages (HO)
)
(/usr/local/texlive/2018/texmf-dist/tex/generic/oberdiek/ltxcmds.sty
Package: ltxcmds 2016/05/16 v1.23 LaTeX kernel commands for general use (HO)
)
(/usr/local/texlive/2018/texmf-dist/tex/generic/oberdiek/ifpdf.sty
Package: ifpdf 2017/03/15 v3.2 Provides the ifpdf switch
))
(/usr/local/texlive/2018/texmf-dist/tex/latex/xcolor/xcolor.sty
Package: xcolor 2016/05/11 v2.12 LaTeX color extensions (UK)

(/usr/local/texlive/2018/texmf-dist/tex/latex/graphics-cfg/color.cfg
File: color.cfg 2016/01/02 v1.6 sample color configuration
)
Package xcolor Info: Driver file: pdftex.def on input line 225.
Package xcolor Info: Model `cmy' substituted by `cmy0' on input line 1348.
Package xcolor Info: Model `hsb' substituted by `rgb' on input line 1352.
Package xcolor Info: Model `RGB' extended on input line 1364.
Package xcolor Info: Model `HTML' substituted by `rgb' on input line 1366.
Package xcolor Info: Model `Hsb' substituted by `hsb' on input line 1367.
Package xcolor Info: Model `tHsb' substituted by `hsb' on input line 1368.
Package xcolor Info: Model `HSB' substituted by `hsb' on input line 1369.
Package xcolor Info: Model `Gray' substituted by `gray' on input line 1370.
Package xcolor Info: Model `wave' substituted by `hsb' on input line 1371.
))
\AM@pagewidth=\dimen140
\AM@pageheight=\dimen141

(/usr/local/texlive/2018/texmf-dist/tex/latex/pdfpages/pppdftex.def
File: pppdftex.def 2017/10/31 v0.5l Pdfpages driver for pdfTeX (AM)
)
\AM@pagebox=\box28
\AM@global@opts=\toks34
\AM@toc@title=\toks35
\c@AM@survey=\count124
\AM@templatesizebox=\box29
)
(/usr/local/texlive/2018/texmf-dist/tex/latex/listings/listings.sty
\lst@mode=\count125
\lst@gtempboxa=\box30
\lst@token=\toks36
\lst@length=\count126
\lst@currlwidth=\dimen142
\lst@column=\count127
\lst@pos=\count128
\lst@lostspace=\dimen143
\lst@width=\dimen144
\lst@newlines=\count129
\lst@lineno=\count130
\lst@maxwidth=\dimen145

(/usr/local/texlive/2018/texmf-dist/tex/latex/listings/lstmisc.sty
File: lstmisc.sty 2015/06/04 1.6 (Carsten Heinz)
\c@lstnumber=\count131
\lst@skipnumbers=\count132
\lst@framebox=\box31
)
(/usr/local/texlive/2018/texmf-dist/tex/latex/listings/listings.cfg
File: listings.cfg 2015/06/04 1.6 listings configuration
))
Package: listings 2015/06/04 1.6 (Carsten Heinz)

(/usr/local/texlive/2018/texmf-dist/tex/latex/listings/lstlang1.sty
File: lstlang1.sty 2015/06/04 1.6 listings language file
)
(/usr/local/texlive/2018/texmf-dist/tex/latex/listings/lstlang1.sty
File: lstlang1.sty 2015/06/04 1.6 listings language file
)
(/usr/local/texlive/2018/texmf-dist/tex/latex/listings/lstmisc.sty
File: lstmisc.sty 2015/06/04 1.6 (Carsten Heinz)
)
Package csquotes Info: Checking for multilingual support...
Package csquotes Info: ... found 'babel' package.
Package csquotes Info: Adjusting default style.
Package csquotes Info: Redefining alias 'default' -> 'spanish'.

(./Informe.aux (./Caratula.aux)
LaTeX Info: Redefining \. on input line 7.
LaTeX Info: Redefining \% on input line 7.
 (./resumen.aux) (./intro.aux)
(./IntroduccionTeorica.aux) (./Desarrollo.aux) (./Resultados.aux)
(./Discusion.aux) (./Conclusiones.aux) (./Apendices.aux) (./Referencias.aux))
\openout1 = `Informe.aux'.

LaTeX Font Info:    Checking defaults for OML/cmm/m/it on input line 28.
LaTeX Font Info:    ... okay on input line 28.
LaTeX Font Info:    Checking defaults for T1/cmr/m/n on input line 28.
LaTeX Font Info:    ... okay on input line 28.
LaTeX Font Info:    Checking defaults for OT1/cmr/m/n on input line 28.
LaTeX Font Info:    ... okay on input line 28.
LaTeX Font Info:    Checking defaults for OMS/cmsy/m/n on input line 28.
LaTeX Font Info:    ... okay on input line 28.
LaTeX Font Info:    Checking defaults for OMX/cmex/m/n on input line 28.
LaTeX Font Info:    ... okay on input line 28.
LaTeX Font Info:    Checking defaults for U/cmr/m/n on input line 28.
LaTeX Font Info:    ... okay on input line 28.

(/usr/local/texlive/2018/texmf-dist/tex/context/base/mkii/supp-pdf.mkii
[Loading MPS to PDF converter (version 2006.09.02).]
\scratchcounter=\count133
\scratchdimen=\dimen146
\scratchbox=\box32
\nofMPsegments=\count134
\nofMParguments=\count135
\everyMPshowfont=\toks37
\MPscratchCnt=\count136
\MPscratchDim=\dimen147
\MPnumerator=\count137
\makeMPintoPDFobject=\count138
\everyMPtoPDFconversion=\toks38
) (/usr/local/texlive/2018/texmf-dist/tex/latex/oberdiek/epstopdf-base.sty
Package: epstopdf-base 2016/05/15 v2.6 Base part for package epstopdf

(/usr/local/texlive/2018/texmf-dist/tex/latex/oberdiek/grfext.sty
Package: grfext 2016/05/16 v1.2 Manage graphics extensions (HO)

(/usr/local/texlive/2018/texmf-dist/tex/generic/oberdiek/kvdefinekeys.sty
Package: kvdefinekeys 2016/05/16 v1.4 Define keys (HO)
))
(/usr/local/texlive/2018/texmf-dist/tex/latex/oberdiek/kvoptions.sty
Package: kvoptions 2016/05/16 v3.12 Key value format for package options (HO)

(/usr/local/texlive/2018/texmf-dist/tex/generic/oberdiek/kvsetkeys.sty
Package: kvsetkeys 2016/05/16 v1.17 Key value parser (HO)

(/usr/local/texlive/2018/texmf-dist/tex/generic/oberdiek/etexcmds.sty
Package: etexcmds 2016/05/16 v1.6 Avoid name clashes with e-TeX commands (HO)

(/usr/local/texlive/2018/texmf-dist/tex/generic/oberdiek/ifluatex.sty
Package: ifluatex 2016/05/16 v1.4 Provides the ifluatex switch (HO)
Package ifluatex Info: LuaTeX not detected.
)
Package etexcmds Info: Could not find \expanded.
(etexcmds)             That can mean that you are not using pdfTeX 1.50 or
(etexcmds)             that some package has redefined \expanded.
(etexcmds)             In the latter case, load this package earlier.
)))
(/usr/local/texlive/2018/texmf-dist/tex/generic/oberdiek/pdftexcmds.sty
Package: pdftexcmds 2018/01/30 v0.27 Utility functions of pdfTeX for LuaTeX (HO
)
Package pdftexcmds Info: LuaTeX not detected.
Package pdftexcmds Info: \pdf@primitive is available.
Package pdftexcmds Info: \pdf@ifprimitive is available.
Package pdftexcmds Info: \pdfdraftmode found.
)
Package epstopdf-base Info: Redefining graphics rule for `.eps' on input line 4
38.
Package grfext Info: Graphics extension search list:
(grfext)             [.pdf,.png,.jpg,.mps,.jpeg,.jbig2,.jb2,.PDF,.PNG,.JPG,.JPE
G,.JBIG2,.JB2,.eps]
(grfext)             \AppendGraphicsExtensions on input line 456.

(/usr/local/texlive/2018/texmf-dist/tex/latex/latexconfig/epstopdf-sys.cfg
File: epstopdf-sys.cfg 2010/07/13 v1.3 Configuration of (r)epstopdf for TeX Liv
e
))
LaTeX Info: Redefining \. on input line 28.
LaTeX Info: Redefining \% on input line 28.
\AtBeginShipoutBox=\box33

(/usr/local/texlive/2018/texmf-dist/tex/latex/oberdiek/pdflscape.sty
Package: pdflscape 2016/05/14 v0.11 Display of landscape pages in PDF (HO)

(/usr/local/texlive/2018/texmf-dist/tex/latex/graphics/lscape.sty
Package: lscape 2000/10/22 v3.01 Landscape Pages (DPC)
)
Package pdflscape Info: Auto-detected driver: pdftex on input line 81.

(/usr/local/texlive/2018/texmf-dist/tex/generic/ifxetex/ifxetex.sty
Package: ifxetex 2010/09/12 v0.6 Provides ifxetex conditional
))
\c@lstlisting=\count139
\openout2 = `Caratula.aux'.


(./Caratula.tex
<Imagenes/logo_dc.jpg, id=1, 215.6055pt x 83.5923pt>
File: Imagenes/logo_dc.jpg Graphic file (type jpg)
<use Imagenes/logo_dc.jpg>
Package pdftex.def Info: Imagenes/logo_dc.jpg  used on input line 10.
(pdftex.def)             Requested size: 215.60497pt x 83.59207pt.

Underfull \hbox (badness 10000) in paragraph at lines 10--10

 []

LaTeX Font Info:    Try loading font information for U+msa on input line 10.
(/usr/local/texlive/2018/texmf-dist/tex/latex/amsfonts/umsa.fd
File: umsa.fd 2013/01/14 v3.01 AMS symbols A
)
LaTeX Font Info:    Try loading font information for U+msb on input line 10.

(/usr/local/texlive/2018/texmf-dist/tex/latex/amsfonts/umsb.fd
File: umsb.fd 2013/01/14 v3.01 AMS symbols B
)
LaTeX Font Info:    Try loading font information for T1+cmtt on input line 10.

(/usr/local/texlive/2018/texmf-dist/tex/latex/base/t1cmtt.fd
File: t1cmtt.fd 2014/09/29 v2.5h Standard LaTeX font definitions
)
<Imagenes/logo_uba.jpg, id=2, 225.4824pt x 231.7458pt>
File: Imagenes/logo_uba.jpg Graphic file (type jpg)
<use Imagenes/logo_uba.jpg>
Package pdftex.def Info: Imagenes/logo_uba.jpg  used on input line 10.
(pdftex.def)             Requested size: 225.48184pt x 231.74522pt.

Overfull \hbox (35.73079pt too wide) in paragraph at lines 10--10
[][] 
 []

LaTeX Font Info:    Try loading font information for T1+cmss on input line 10.
(/usr/local/texlive/2018/texmf-dist/tex/latex/base/t1cmss.fd
File: t1cmss.fd 2014/09/29 v2.5h Standard LaTeX font definitions
)
Underfull \hbox (badness 10000) in paragraph at lines 10--10

 []

[1


{/usr/local/texlive/2018/texmf-var/fonts/map/pdftex/updmap/pdftex.map} <./Image
nes/logo_dc.jpg> <./Imagenes/logo_uba.jpg>]) (./Informe.toc
LaTeX Info: Redefining \. on input line 1.
LaTeX Info: Redefining \% on input line 1.
LaTeX Info: Redefining \. on input line 40.
LaTeX Info: Redefining \% on input line 40.


Package Fancyhdr Warning: \headheight is too small (12.0pt): 
 Make it at least 12.1638pt.
 We now make it that large for the rest of the document.
 This may cause the page layout to be inconsistent, however.

[1

])
\tf@toc=\write3
\openout3 = `Informe.toc'.

LaTeX Info: Redefining \. on input line 35.
LaTeX Info: Redefining \% on input line 35.


Package Fancyhdr Warning: \headheight is too small (12.0pt): 
 Make it at least 12.1638pt.
 We now make it that large for the rest of the document.
 This may cause the page layout to be inconsistent, however.

[2]
\openout2 = `resumen.aux'.

 (./resumen.tex
Underfull \hbox (badness 10000) in paragraph at lines 2--4

 []


Underfull \hbox (badness 10000) in paragraph at lines 4--5

 []

)
LaTeX Info: Redefining \. on input line 36.
LaTeX Info: Redefining \% on input line 36.
 [3


]
\openout2 = `intro.aux'.

 (./intro.tex
Underfull \hbox (badness 10000) in paragraph at lines 22--23

 []

LaTeX Info: Redefining \. on input line 37.
LaTeX Info: Redefining \% on input line 37.

Package Fancyhdr Warning: \headheight is too small (12.0pt): 
 Make it at least 12.1638pt.
 We now make it that large for the rest of the document.
 This may cause the page layout to be inconsistent, however.

[4



]
Underfull \hbox (badness 10000) in paragraph at lines 59--60

 []

)
LaTeX Info: Redefining \. on input line 38.
LaTeX Info: Redefining \% on input line 38.


Package Fancyhdr Warning: \headheight is too small (12.0pt): 
 Make it at least 12.1638pt.
 We now make it that large for the rest of the document.
 This may cause the page layout to be inconsistent, however.

[5]
\openout2 = `IntroduccionTeorica.aux'.

 (./IntroduccionTeorica.tex
Underfull \hbox (badness 10000) in paragraph at lines 7--9

 []


Underfull \hbox (badness 10000) in paragraph at lines 10--14

 []


Underfull \hbox (badness 10000) in paragraph at lines 29--38

 []

LaTeX Info: Redefining \. on input line 70.
LaTeX Info: Redefining \% on input line 70.

Package Fancyhdr Warning: \headheight is too small (12.0pt): 
 Make it at least 12.1638pt.
 We now make it that large for the rest of the document.
 This may cause the page layout to be inconsistent, however.

[6



]
Overfull \hbox (14.56236pt too wide) detected at line 88
\OT1/cmr/m/n/10 ([][] + [][])[] = (([][])[] + ([][]))[] = []
 []


Underfull \hbox (badness 10000) in paragraph at lines 88--93

 []


Underfull \hbox (badness 10000) in paragraph at lines 88--93

 []


Underfull \hbox (badness 10000) in paragraph at lines 117--123

 []


Underfull \hbox (badness 10000) in paragraph at lines 117--123

 []

LaTeX Info: Redefining \. on input line 131.
LaTeX Info: Redefining \% on input line 131.

Package Fancyhdr Warning: \headheight is too small (12.0pt): 
 Make it at least 12.1638pt.
 We now make it that large for the rest of the document.
 This may cause the page layout to be inconsistent, however.

[7])
Underfull \hbox (badness 10000) in paragraph at lines 148--40

 []


Underfull \hbox (badness 10000) in paragraph at lines 148--40

 []


Underfull \hbox (badness 10000) in paragraph at lines 148--40

 []

LaTeX Info: Redefining \. on input line 40.
LaTeX Info: Redefining \% on input line 40.

Package Fancyhdr Warning: \headheight is too small (12.0pt): 
 Make it at least 12.1638pt.
 We now make it that large for the rest of the document.
 This may cause the page layout to be inconsistent, however.

[8]
\openout2 = `Desarrollo.aux'.

 (./Desarrollo.tex)
LaTeX Info: Redefining \. on input line 42.
LaTeX Info: Redefining \% on input line 42.
 [9



]
LaTeX Info: Redefining \. on input line 42.
LaTeX Info: Redefining \% on input line 42.
 [10]
\openout2 = `Resultados.aux'.

 (./Resultados.tex
<../experimentacion/cualitativo/completo_distinto_p/p_error.pdf, id=60, 578.16p
t x 433.62pt>
File: ../experimentacion/cualitativo/completo_distinto_p/p_error.pdf Graphic fi
le (type pdf)
<use ../experimentacion/cualitativo/completo_distinto_p/p_error.pdf>
Package pdftex.def Info: ../experimentacion/cualitativo/completo_distinto_p/p_e
rror.pdf  used on input line 10.
(pdftex.def)             Requested size: 341.42903pt x 284.54257pt.

Overfull \hbox (11.42903pt too wide) in paragraph at lines 10--11
[][] 
 []

LaTeX Info: Redefining \. on input line 37.
LaTeX Info: Redefining \% on input line 37.
[11



 <../experimentacion/cualitativo/completo_distinto_p/p_error.pdf>]
LaTeX Info: Redefining \. on input line 100.
LaTeX Info: Redefining \% on input line 100.
 [12]
<Imagenes/malla.png, id=78, 130.4875pt x 120.45pt>
File: Imagenes/malla.png Graphic file (type png)
<use Imagenes/malla.png>
Package pdftex.def Info: Imagenes/malla.png  used on input line 104.
(pdftex.def)             Requested size: 130.48717pt x 120.44969pt.
<../experimentacion/cualitativo/malla/malla_distintos_p.pdf, id=80, 578.16pt x 
433.62pt>
File: ../experimentacion/cualitativo/malla/malla_distintos_p.pdf Graphic file (
type pdf)
<use ../experimentacion/cualitativo/malla/malla_distintos_p.pdf>
Package pdftex.def Info: ../experimentacion/cualitativo/malla/malla_distintos_p
.pdf  used on input line 110.
(pdftex.def)             Requested size: 341.42903pt x 284.54257pt.

Overfull \hbox (11.42903pt too wide) in paragraph at lines 110--111
[][] 
 []

LaTeX Info: Redefining \. on input line 115.
LaTeX Info: Redefining \% on input line 115.
[13 <./Imagenes/malla.png> <../experimentacion/cualitativo/malla/malla_distinto
s_p.pdf>]
<Imagenes/pagina_popular.png, id=102, 140.525pt x 120.45pt>
File: Imagenes/pagina_popular.png Graphic file (type png)
<use Imagenes/pagina_popular.png>
Package pdftex.def Info: Imagenes/pagina_popular.png  used on input line 116.
(pdftex.def)             Requested size: 140.52464pt x 120.44969pt.
<../experimentacion/cualitativo/pagina_popular/pagina_popular_rank.pdf, id=103,
 578.16pt x 433.62pt>
File: ../experimentacion/cualitativo/pagina_popular/pagina_popular_rank.pdf Gra
phic file (type pdf)
<use ../experimentacion/cualitativo/pagina_popular/pagina_popular_rank.pdf>
Package pdftex.def Info: ../experimentacion/cualitativo/pagina_popular/pagina_p
opular_rank.pdf  used on input line 123.
(pdftex.def)             Requested size: 341.42903pt x 284.54257pt.

Overfull \hbox (11.42903pt too wide) in paragraph at lines 123--124
[][] 
 []

<../experimentacion/cualitativo/pagina_popular/pagina_popular_distintos_p.pdf, 
id=104, 578.16pt x 433.62pt>
File: ../experimentacion/cualitativo/pagina_popular/pagina_popular_distintos_p.
pdf Graphic file (type pdf)
<use ../experimentacion/cualitativo/pagina_popular/pagina_popular_distintos_p.p
df>
Package pdftex.def Info: ../experimentacion/cualitativo/pagina_popular/pagina_p
opular_distintos_p.pdf  used on input line 130.
(pdftex.def)             Requested size: 341.42903pt x 284.54257pt.

Overfull \hbox (11.42903pt too wide) in paragraph at lines 130--131
[][] 
 []

LaTeX Info: Redefining \. on input line 133.
LaTeX Info: Redefining \% on input line 133.
[14 <./Imagenes/pagina_popular.png> <../experimentacion/cualitativo/pagina_popu
lar/pagina_popular_rank.pdf>]
<Imagenes/escalonado.png, id=125, 160.6pt x 100.87688pt>
File: Imagenes/escalonado.png Graphic file (type png)
<use Imagenes/escalonado.png>
Package pdftex.def Info: Imagenes/escalonado.png  used on input line 138.
(pdftex.def)             Requested size: 160.5996pt x 100.87662pt.
<../experimentacion/cualitativo/escalonado/escalonado_rank.pdf, id=126, 578.16p
t x 433.62pt>
File: ../experimentacion/cualitativo/escalonado/escalonado_rank.pdf Graphic fil
e (type pdf)
<use ../experimentacion/cualitativo/escalonado/escalonado_rank.pdf>
Package pdftex.def Info: ../experimentacion/cualitativo/escalonado/escalonado_r
ank.pdf  used on input line 144.
(pdftex.def)             Requested size: 341.42903pt x 284.54257pt.

Overfull \hbox (11.42903pt too wide) in paragraph at lines 144--145
[][] 
 []

LaTeX Info: Redefining \. on input line 146.
LaTeX Info: Redefining \% on input line 146.
[15 <../experimentacion/cualitativo/pagina_popular/pagina_popular_distintos_p.p
df> <./Imagenes/escalonado.png>]
<../experimentacion/cualitativo/escalonado/escalonado_distintos_p.pdf, id=147, 
578.16pt x 433.62pt>
File: ../experimentacion/cualitativo/escalonado/escalonado_distintos_p.pdf Grap
hic file (type pdf)
<use ../experimentacion/cualitativo/escalonado/escalonado_distintos_p.pdf>
Package pdftex.def Info: ../experimentacion/cualitativo/escalonado/escalonado_d
istintos_p.pdf  used on input line 149.
(pdftex.def)             Requested size: 341.42903pt x 284.54257pt.

Overfull \hbox (11.42903pt too wide) in paragraph at lines 149--150
[][] 
 []

LaTeX Info: Redefining \. on input line 152.
LaTeX Info: Redefining \% on input line 152.
[16 <../experimentacion/cualitativo/escalonado/escalonado_rank.pdf>]
<Imagenes/roba_exito.png, id=163, 160.6pt x 108.405pt>
File: Imagenes/roba_exito.png Graphic file (type png)
<use Imagenes/roba_exito.png>
Package pdftex.def Info: Imagenes/roba_exito.png  used on input line 156.
(pdftex.def)             Requested size: 160.5996pt x 108.40472pt.
<../experimentacion/cualitativo/roba_exito/roba_exito_rank.pdf, id=164, 578.16p
t x 433.62pt>
File: ../experimentacion/cualitativo/roba_exito/roba_exito_rank.pdf Graphic fil
e (type pdf)
<use ../experimentacion/cualitativo/roba_exito/roba_exito_rank.pdf>
Package pdftex.def Info: ../experimentacion/cualitativo/roba_exito/roba_exito_r
ank.pdf  used on input line 162.
(pdftex.def)             Requested size: 341.42903pt x 284.54257pt.
)
Overfull \hbox (11.42903pt too wide) in paragraph at lines 162--44
[][] 
 []

LaTeX Info: Redefining \. on input line 44.
LaTeX Info: Redefining \% on input line 44.
[17 <../experimentacion/cualitativo/escalonado/escalonado_distintos_p.pdf> <./I
magenes/roba_exito.png>]
LaTeX Info: Redefining \. on input line 44.
LaTeX Info: Redefining \% on input line 44.
 [18 <../experimentacion/cualitativo/roba_exito/roba_exito_rank.pdf>]
\openout2 = `Discusion.aux'.

 (./Discusion.tex
LaTeX Info: Redefining \. on input line 35.
LaTeX Info: Redefining \% on input line 35.


Package Fancyhdr Warning: \headheight is too small (12.0pt): 
 Make it at least 12.1638pt.
 We now make it that large for the rest of the document.
 This may cause the page layout to be inconsistent, however.

[19



]
Underfull \hbox (badness 10000) in paragraph at lines 37--38

 []


Underfull \hbox (badness 10000) in paragraph at lines 39--46

 []


Underfull \hbox (badness 10000) in paragraph at lines 53--55

 []

LaTeX Info: Redefining \. on input line 55.
LaTeX Info: Redefining \% on input line 55.

Package Fancyhdr Warning: \headheight is too small (12.0pt): 
 Make it at least 12.1638pt.
 We now make it that large for the rest of the document.
 This may cause the page layout to be inconsistent, however.

[20]
Underfull \hbox (badness 10000) in paragraph at lines 56--61

 []


Underfull \hbox (badness 10000) in paragraph at lines 66--70

 []

)
LaTeX Info: Redefining \. on input line 46.
LaTeX Info: Redefining \% on input line 46.


Package Fancyhdr Warning: \headheight is too small (12.0pt): 
 Make it at least 12.1638pt.
 We now make it that large for the rest of the document.
 This may cause the page layout to be inconsistent, however.

[21]
\openout2 = `Conclusiones.aux'.

 (./Conclusiones.tex
Underfull \hbox (badness 10000) in paragraph at lines 7--8

 []


Underfull \hbox (badness 10000) in paragraph at lines 9--10

 []


Underfull \hbox (badness 10000) in paragraph at lines 11--12

 []


Underfull \hbox (badness 10000) in paragraph at lines 13--14

 []


Underfull \hbox (badness 10000) in paragraph at lines 15--16

 []


Underfull \hbox (badness 10000) in paragraph at lines 17--18

 []

)
LaTeX Info: Redefining \. on input line 48.
LaTeX Info: Redefining \% on input line 48.
 [22



]
\openout2 = `Apendices.aux'.

 (./Apendices.tex
<../tp1.pdf, id=212, 597.50829pt x 845.0471pt>
File: ../tp1.pdf Graphic file (type pdf)
<use ../tp1.pdf>
Package pdftex.def Info: ../tp1.pdf  used on input line 11.
(pdftex.def)             Requested size: 597.50682pt x 845.04504pt.
File: ../tp1.pdf Graphic file (type pdf)
<use ../tp1.pdf>
Package pdftex.def Info: ../tp1.pdf  used on input line 11.
(pdftex.def)             Requested size: 597.50682pt x 845.04504pt.
<../tp1.pdf, id=215, page=1, 597.50829pt x 845.0471pt>
File: ../tp1.pdf Graphic file (type pdf)
<use ../tp1.pdf, page 1>
Package pdftex.def Info: ../tp1.pdf , page1 used on input line 11.
(pdftex.def)             Requested size: 597.50682pt x 845.04504pt.
File: ../tp1.pdf Graphic file (type pdf)
<use ../tp1.pdf, page 1>
Package pdftex.def Info: ../tp1.pdf , page1 used on input line 11.
(pdftex.def)             Requested size: 597.53416pt x 845.08372pt.
LaTeX Info: Redefining \. on input line 11.
LaTeX Info: Redefining \% on input line 11.


Package Fancyhdr Warning: \headheight is too small (12.0pt): 
 Make it at least 12.1638pt.
 We now make it that large for the rest of the document.
 This may cause the page layout to be inconsistent, however.

[23



]
File: ../tp1.pdf Graphic file (type pdf)
<use ../tp1.pdf, page 1>
Package pdftex.def Info: ../tp1.pdf , page1 used on input line 11.
(pdftex.def)             Requested size: 597.53416pt x 845.08372pt.
File: ../tp1.pdf Graphic file (type pdf)
<use ../tp1.pdf, page 1>
Package pdftex.def Info: ../tp1.pdf , page1 used on input line 11.
(pdftex.def)             Requested size: 597.53416pt x 845.08372pt.
File: ../tp1.pdf Graphic file (type pdf)
<use ../tp1.pdf, page 1>
Package pdftex.def Info: ../tp1.pdf , page1 used on input line 11.
(pdftex.def)             Requested size: 597.53416pt x 845.08372pt.
 [24 <../tp1.pdf>]
<../tp1.pdf, id=282, page=2, 597.50829pt x 845.0471pt>
File: ../tp1.pdf Graphic file (type pdf)
<use ../tp1.pdf, page 2>
Package pdftex.def Info: ../tp1.pdf , page2 used on input line 11.
(pdftex.def)             Requested size: 597.53416pt x 845.08372pt.
File: ../tp1.pdf Graphic file (type pdf)
<use ../tp1.pdf, page 2>
Package pdftex.def Info: ../tp1.pdf , page2 used on input line 11.
(pdftex.def)             Requested size: 597.53416pt x 845.08372pt.
File: ../tp1.pdf Graphic file (type pdf)
<use ../tp1.pdf, page 2>
Package pdftex.def Info: ../tp1.pdf , page2 used on input line 11.
(pdftex.def)             Requested size: 597.53416pt x 845.08372pt.
 [25 <../tp1.pdf>]
<../tp1.pdf, id=296, page=3, 597.50829pt x 845.0471pt>
File: ../tp1.pdf Graphic file (type pdf)
<use ../tp1.pdf, page 3>
Package pdftex.def Info: ../tp1.pdf , page3 used on input line 11.
(pdftex.def)             Requested size: 597.53416pt x 845.08372pt.
File: ../tp1.pdf Graphic file (type pdf)
<use ../tp1.pdf, page 3>
Package pdftex.def Info: ../tp1.pdf , page3 used on input line 11.
(pdftex.def)             Requested size: 597.53416pt x 845.08372pt.
File: ../tp1.pdf Graphic file (type pdf)
<use ../tp1.pdf, page 3>
Package pdftex.def Info: ../tp1.pdf , page3 used on input line 11.
(pdftex.def)             Requested size: 597.53416pt x 845.08372pt.
 [26 <../tp1.pdf>]
<../tp1.pdf, id=310, page=4, 597.50829pt x 845.0471pt>
File: ../tp1.pdf Graphic file (type pdf)
<use ../tp1.pdf, page 4>
Package pdftex.def Info: ../tp1.pdf , page4 used on input line 11.
(pdftex.def)             Requested size: 597.53416pt x 845.08372pt.
File: ../tp1.pdf Graphic file (type pdf)
<use ../tp1.pdf, page 4>
Package pdftex.def Info: ../tp1.pdf , page4 used on input line 11.
(pdftex.def)             Requested size: 597.53416pt x 845.08372pt.
File: ../tp1.pdf Graphic file (type pdf)
<use ../tp1.pdf, page 4>
Package pdftex.def Info: ../tp1.pdf , page4 used on input line 11.
(pdftex.def)             Requested size: 597.53416pt x 845.08372pt.
 [27 <../tp1.pdf>]
<../tp1.pdf, id=314, page=5, 597.50829pt x 845.0471pt>
File: ../tp1.pdf Graphic file (type pdf)
<use ../tp1.pdf, page 5>
Package pdftex.def Info: ../tp1.pdf , page5 used on input line 11.
(pdftex.def)             Requested size: 597.53416pt x 845.08372pt.
File: ../tp1.pdf Graphic file (type pdf)
<use ../tp1.pdf, page 5>
Package pdftex.def Info: ../tp1.pdf , page5 used on input line 11.
(pdftex.def)             Requested size: 597.53416pt x 845.08372pt.
File: ../tp1.pdf Graphic file (type pdf)
<use ../tp1.pdf, page 5>
Package pdftex.def Info: ../tp1.pdf , page5 used on input line 11.
(pdftex.def)             Requested size: 597.53416pt x 845.08372pt.

[28 <../tp1.pdf>]
<../tp1.pdf, id=318, page=6, 597.50829pt x 845.0471pt>
File: ../tp1.pdf Graphic file (type pdf)
<use ../tp1.pdf, page 6>
Package pdftex.def Info: ../tp1.pdf , page6 used on input line 11.
(pdftex.def)             Requested size: 597.53416pt x 845.08372pt.
File: ../tp1.pdf Graphic file (type pdf)
<use ../tp1.pdf, page 6>
Package pdftex.def Info: ../tp1.pdf , page6 used on input line 11.
(pdftex.def)             Requested size: 597.53416pt x 845.08372pt.
File: ../tp1.pdf Graphic file (type pdf)
<use ../tp1.pdf, page 6>
Package pdftex.def Info: ../tp1.pdf , page6 used on input line 11.
(pdftex.def)             Requested size: 597.53416pt x 845.08372pt.
 [29 <../tp1.pdf>]
Overfull \hbox (98.59566pt too wide) in paragraph at lines 28--29
[][][][][][][][][][][][][][][][][][][][][][][][][][][][][][][][][][][][][][][] 

 []

LaTeX Font Info:    Try loading font information for OMS+cmr on input line 33.
(/usr/local/texlive/2018/texmf-dist/tex/latex/base/omscmr.fd
File: omscmr.fd 2014/09/29 v2.5h Standard LaTeX font definitions
)
LaTeX Font Info:    Font shape `OMS/cmr/m/n' in size <8> not available
(Font)              Font shape `OMS/cmsy/m/n' tried instead on input line 33.

Overfull \hbox (1.71844pt too wide) in paragraph at lines 33--34
[][][][][][][][][][][][][][][][][][][][][][][][][][][][][][][][][][][] 
 []


Underfull \hbox (badness 10000) in paragraph at lines 46--56

 []

LaTeX Info: Redefining \. on input line 67.
LaTeX Info: Redefining \% on input line 67.

Package Fancyhdr Warning: \headheight is too small (12.0pt): 
 Make it at least 12.1638pt.
 We now make it that large for the rest of the document.
 This may cause the page layout to be inconsistent, however.

[30])
LaTeX Info: Redefining \. on input line 50.
LaTeX Info: Redefining \% on input line 50.


Package Fancyhdr Warning: \headheight is too small (12.0pt): 
 Make it at least 12.1638pt.
 We now make it that large for the rest of the document.
 This may cause the page layout to be inconsistent, however.

[31]
\openout2 = `Referencias.aux'.

 (./Referencias.tex)
LaTeX Info: Redefining \. on input line 52.
LaTeX Info: Redefining \% on input line 52.
 [32



] (./Informe.aux (./Caratula.aux)
LaTeX Info: Redefining \. on input line 7.
LaTeX Info: Redefining \% on input line 7.
 (./resumen.aux)
(./intro.aux) (./IntroduccionTeorica.aux) (./Desarrollo.aux) (./Resultados.aux)
(./Discusion.aux) (./Conclusiones.aux) (./Apendices.aux) (./Referencias.aux)) )
 
Here is how much of TeX's memory you used:
 8775 strings out of 492649
 126321 string characters out of 6129622
 256606 words of memory out of 5000000
 12392 multiletter control sequences out of 15000+600000
 26182 words of font info for 62 fonts, out of 8000000 for 9000
 1141 hyphenation exceptions out of 8191
 44i,18n,58p,822b,1373s stack positions out of 5000i,500n,10000p,200000b,80000s
{/usr/local/texlive/2018/texmf-dist/fonts/enc/dvips/cm-super/cm-super-t1.enc}</
usr/local/texlive/2018/texmf-dist/fonts/type1/public/amsfonts/cm/cmbx10.pfb></u
sr/local/texlive/2018/texmf-dist/fonts/type1/public/amsfonts/cm/cmbx12.pfb></us
r/local/texlive/2018/texmf-dist/fonts/type1/public/amsfonts/cm/cmcsc10.pfb></us
r/local/texlive/2018/texmf-dist/fonts/type1/public/amsfonts/cm/cmex10.pfb></usr
/local/texlive/2018/texmf-dist/fonts/type1/public/amsfonts/cm/cmmi10.pfb></usr/
local/texlive/2018/texmf-dist/fonts/type1/public/amsfonts/cm/cmmi12.pfb></usr/l
ocal/texlive/2018/texmf-dist/fonts/type1/public/amsfonts/cm/cmmi5.pfb></usr/loc
al/texlive/2018/texmf-dist/fonts/type1/public/amsfonts/cm/cmmi7.pfb></usr/local
/texlive/2018/texmf-dist/fonts/type1/public/amsfonts/cm/cmmi8.pfb></usr/local/t
exlive/2018/texmf-dist/fonts/type1/public/amsfonts/cm/cmr10.pfb></usr/local/tex
live/2018/texmf-dist/fonts/type1/public/amsfonts/cm/cmr5.pfb></usr/local/texliv
e/2018/texmf-dist/fonts/type1/public/amsfonts/cm/cmr6.pfb></usr/local/texlive/2
018/texmf-dist/fonts/type1/public/amsfonts/cm/cmr7.pfb></usr/local/texlive/2018
/texmf-dist/fonts/type1/public/amsfonts/cm/cmr8.pfb></usr/local/texlive/2018/te
xmf-dist/fonts/type1/public/amsfonts/cm/cmr9.pfb></usr/local/texlive/2018/texmf
-dist/fonts/type1/public/amsfonts/cm/cmssbx10.pfb></usr/local/texlive/2018/texm
f-dist/fonts/type1/public/amsfonts/cm/cmsy10.pfb></usr/local/texlive/2018/texmf
-dist/fonts/type1/public/amsfonts/cm/cmsy7.pfb></usr/local/texlive/2018/texmf-d
ist/fonts/type1/public/amsfonts/cm/cmsy8.pfb></usr/local/texlive/2018/texmf-dis
t/fonts/type1/public/amsfonts/cm/cmti10.pfb></usr/local/texlive/2018/texmf-dist
/fonts/type1/public/amsfonts/cm/cmtt10.pfb></usr/local/texlive/2018/texmf-dist/
fonts/type1/public/amsfonts/symbols/msbm10.pfb></usr/local/texlive/2018/texmf-d
ist/fonts/type1/public/cm-super/sfbx0800.pfb></usr/local/texlive/2018/texmf-dis
t/fonts/type1/public/cm-super/sfbx1000.pfb></usr/local/texlive/2018/texmf-dist/
fonts/type1/public/cm-super/sfbx1200.pfb></usr/local/texlive/2018/texmf-dist/fo
nts/type1/public/cm-super/sfbx1440.pfb></usr/local/texlive/2018/texmf-dist/font
s/type1/public/cm-super/sfbx2074.pfb></usr/local/texlive/2018/texmf-dist/fonts/
type1/public/cm-super/sfrm0600.pfb></usr/local/texlive/2018/texmf-dist/fonts/ty
pe1/public/cm-super/sfrm0700.pfb></usr/local/texlive/2018/texmf-dist/fonts/type
1/public/cm-super/sfrm0800.pfb></usr/local/texlive/2018/texmf-dist/fonts/type1/
public/cm-super/sfrm1000.pfb></usr/local/texlive/2018/texmf-dist/fonts/type1/pu
blic/cm-super/sfrm1200.pfb></usr/local/texlive/2018/texmf-dist/fonts/type1/publ
ic/cm-super/sfsl1000.pfb></usr/local/texlive/2018/texmf-dist/fonts/type1/public
/cm-super/sfss1000.pfb></usr/local/texlive/2018/texmf-dist/fonts/type1/public/c
m-super/sfsx1000.pfb></usr/local/texlive/2018/texmf-dist/fonts/type1/public/cm-
super/sfti0800.pfb></usr/local/texlive/2018/texmf-dist/fonts/type1/public/cm-su
per/sfti1000.pfb></usr/local/texlive/2018/texmf-dist/fonts/type1/public/cm-supe
r/sftt1000.pfb>
Output written on Informe.pdf (33 pages, 1097826 bytes).
PDF statistics:
 432 PDF objects out of 1000 (max. 8388607)
 287 compressed objects within 3 object streams
 0 named destinations out of 1000 (max. 500000)
 111 words of extra memory for PDF output out of 10000 (max. 10000000)

